1 verbose cli [ 'node', '/usr/local/bin/npm', 'install' ]
2 info using npm@1.4.28
3 info using node@v0.10.35
4 warn package.json @ No repository field.
5 verbose readDependencies using package.json deps
6 verbose install where, deps [ '/Users/spencerdixon/Node/MacarthurWatersheds',
6 verbose install   [ 'gulp-coffee',
6 verbose install     'gulp-concat',
6 verbose install     'gulp-uglify',
6 verbose install     'gulp-handlebars',
6 verbose install     'gulp-declare',
6 verbose install     'gulp-plumber',
6 verbose install     'gulp-sass',
6 verbose install     'gulp',
6 verbose install     'bower',
6 verbose install     'serv' ] ]
7 info preinstall @
8 verbose readDependencies using package.json deps
9 verbose already installed skipping gulp-handlebars@~1.0.2 /Users/spencerdixon/Node/MacarthurWatersheds
10 verbose already installed skipping gulp-declare@~0.1.0 /Users/spencerdixon/Node/MacarthurWatersheds
11 verbose already installed skipping gulp-plumber@~0.5.6 /Users/spencerdixon/Node/MacarthurWatersheds
12 verbose already installed skipping gulp-sass@^0.7.1 /Users/spencerdixon/Node/MacarthurWatersheds
13 verbose cache add [ 'gulp@~0.3.0', null ]
14 verbose cache add name=undefined spec="gulp@~0.3.0" args=["gulp@~0.3.0",null]
15 verbose parsed url { protocol: null,
15 verbose parsed url   slashes: null,
15 verbose parsed url   auth: null,
15 verbose parsed url   host: null,
15 verbose parsed url   port: null,
15 verbose parsed url   hostname: null,
15 verbose parsed url   hash: null,
15 verbose parsed url   search: null,
15 verbose parsed url   query: null,
15 verbose parsed url   pathname: 'gulp@~0.3.0',
15 verbose parsed url   path: 'gulp@~0.3.0',
15 verbose parsed url   href: 'gulp@~0.3.0' }
16 verbose already installed skipping bower@ /Users/spencerdixon/Node/MacarthurWatersheds
17 verbose already installed skipping serv@ /Users/spencerdixon/Node/MacarthurWatersheds
18 verbose cache add name="gulp" spec="~0.3.0" args=["gulp","~0.3.0"]
19 verbose parsed url { protocol: null,
19 verbose parsed url   slashes: null,
19 verbose parsed url   auth: null,
19 verbose parsed url   host: null,
19 verbose parsed url   port: null,
19 verbose parsed url   hostname: null,
19 verbose parsed url   hash: null,
19 verbose parsed url   search: null,
19 verbose parsed url   query: null,
19 verbose parsed url   pathname: '~0.3.0',
19 verbose parsed url   path: '~0.3.0',
19 verbose parsed url   href: '~0.3.0' }
20 verbose addNamed [ 'gulp', '~0.3.0' ]
21 verbose addNamed [ null, '>=0.3.0-0 <0.4.0-0' ]
22 silly lockFile 3299bd9e-gulp-0-3-0 gulp@~0.3.0
23 verbose lock gulp@~0.3.0 /Users/spencerdixon/.npm/3299bd9e-gulp-0-3-0.lock
24 silly addNameRange { name: 'gulp', range: '>=0.3.0-0 <0.4.0-0', hasData: false }
25 verbose already installed skipping gulp-coffee@~1.4.1 /Users/spencerdixon/Node/MacarthurWatersheds
26 verbose request where is /gulp
27 verbose request registry https://registry.npmjs.org/
28 verbose request id ad9851670f105ae9
29 verbose url raw /gulp
30 verbose url resolving [ 'https://registry.npmjs.org/', './gulp' ]
31 verbose url resolved https://registry.npmjs.org/gulp
32 verbose request where is https://registry.npmjs.org/gulp
33 info trying registry request attempt 1 at 11:32:35
34 verbose etag "1XDOH4N1WE015AS5ET10A0WOM"
35 http GET https://registry.npmjs.org/gulp
36 verbose already installed skipping gulp-concat@~2.1.7 /Users/spencerdixon/Node/MacarthurWatersheds
37 verbose already installed skipping gulp-uglify@~0.2.1 /Users/spencerdixon/Node/MacarthurWatersheds
38 http 304 https://registry.npmjs.org/gulp
39 silly registry.get cb [ 304,
39 silly registry.get   { date: 'Wed, 21 Jan 2015 11:32:34 GMT',
39 silly registry.get     server: 'Apache',
39 silly registry.get     via: '1.1 varnish',
39 silly registry.get     'last-modified': 'Wed, 21 Jan 2015 11:32:34 GMT',
39 silly registry.get     'cache-control': 'max-age=60',
39 silly registry.get     etag: '"1XDOH4N1WE015AS5ET10A0WOM"',
39 silly registry.get     age: '2',
39 silly registry.get     'x-served-by': 'cache-ams4124-AMS',
39 silly registry.get     'x-cache': 'HIT',
39 silly registry.get     'x-cache-hits': '1',
39 silly registry.get     'x-timer': 'S1421839954.941085,VS0,VE0',
39 silly registry.get     vary: 'Accept',
39 silly registry.get     'content-length': '0',
39 silly registry.get     'keep-alive': 'timeout=10, max=50',
39 silly registry.get     connection: 'Keep-Alive' } ]
40 verbose etag https://registry.npmjs.org/gulp from cache
41 silly addNameRange number 2 { name: 'gulp', range: '>=0.3.0-0 <0.4.0-0', hasData: true }
42 silly addNameRange versions [ 'gulp',
42 silly addNameRange   [ '0.0.1',
42 silly addNameRange     '0.0.2',
42 silly addNameRange     '0.0.3',
42 silly addNameRange     '0.0.4',
42 silly addNameRange     '0.0.5',
42 silly addNameRange     '0.0.7',
42 silly addNameRange     '0.0.8',
42 silly addNameRange     '0.0.9',
42 silly addNameRange     '0.1.0',
42 silly addNameRange     '0.2.0',
42 silly addNameRange     '1.0.0',
42 silly addNameRange     '1.1.0',
42 silly addNameRange     '1.2.0',
42 silly addNameRange     '1.2.1',
42 silly addNameRange     '2.0.0',
42 silly addNameRange     '2.0.1',
42 silly addNameRange     '2.1.0',
42 silly addNameRange     '2.2.0',
42 silly addNameRange     '2.3.0',
42 silly addNameRange     '2.4.0',
42 silly addNameRange     '2.4.1',
42 silly addNameRange     '2.6.0',
42 silly addNameRange     '2.6.1',
42 silly addNameRange     '2.7.0',
42 silly addNameRange     '3.0.0',
42 silly addNameRange     '3.1.1',
42 silly addNameRange     '3.1.2',
42 silly addNameRange     '3.1.3',
42 silly addNameRange     '3.1.4',
42 silly addNameRange     '3.2.0',
42 silly addNameRange     '3.2.1',
42 silly addNameRange     '3.2.2',
42 silly addNameRange     '3.2.3',
42 silly addNameRange     '3.2.4',
42 silly addNameRange     '3.2.5',
42 silly addNameRange     '3.3.0',
42 silly addNameRange     '3.3.1',
42 silly addNameRange     '3.3.2',
42 silly addNameRange     '3.3.4',
42 silly addNameRange     '3.4.0',
42 silly addNameRange     '3.5.0',
42 silly addNameRange     '3.5.1',
42 silly addNameRange     '3.5.2',
42 silly addNameRange     '3.5.5',
42 silly addNameRange     '3.5.6',
42 silly addNameRange     '3.6.0',
42 silly addNameRange     '3.6.1',
42 silly addNameRange     '3.6.2',
42 silly addNameRange     '3.7.0',
42 silly addNameRange     '3.8.0',
42 silly addNameRange     '3.8.1',
42 silly addNameRange     '3.8.2',
42 silly addNameRange     '3.8.3',
42 silly addNameRange     '3.8.4',
42 silly addNameRange     '3.8.5',
42 silly addNameRange     '3.8.6',
42 silly addNameRange     '3.8.7',
42 silly addNameRange     '3.8.8',
42 silly addNameRange     '3.8.9',
42 silly addNameRange     '3.8.10' ] ]
43 silly lockFile 3299bd9e-gulp-0-3-0 gulp@~0.3.0
44 silly lockFile 3299bd9e-gulp-0-3-0 gulp@~0.3.0
45 error notarget No compatible version found: gulp@'>=0.3.0-0 <0.4.0-0'
45 error notarget Valid install targets:
45 error notarget ["0.0.1","0.0.2","0.0.3","0.0.4","0.0.5","0.0.7","0.0.8","0.0.9","0.1.0","0.2.0","1.0.0","1.1.0","1.2.0","1.2.1","2.0.0","2.0.1","2.1.0","2.2.0","2.3.0","2.4.0","2.4.1","2.6.0","2.6.1","2.7.0","3.0.0","3.1.1","3.1.2","3.1.3","3.1.4","3.2.0","3.2.1","3.2.2","3.2.3","3.2.4","3.2.5","3.3.0","3.3.1","3.3.2","3.3.4","3.4.0","3.5.0","3.5.1","3.5.2","3.5.5","3.5.6","3.6.0","3.6.1","3.6.2","3.7.0","3.8.0","3.8.1","3.8.2","3.8.3","3.8.4","3.8.5","3.8.6","3.8.7","3.8.8","3.8.9","3.8.10"]
45 error notarget
45 error notarget This is most likely not a problem with npm itself.
45 error notarget In most cases you or one of your dependencies are requesting
45 error notarget a package version that doesn't exist.
46 error System Darwin 14.0.0
47 error command "node" "/usr/local/bin/npm" "install"
48 error cwd /Users/spencerdixon/Node/MacarthurWatersheds
49 error node -v v0.10.35
50 error npm -v 1.4.28
51 error code ETARGET
52 verbose exit [ 1, true ]
